2024-10-04 13:43:50 INFO  [background-preinit] o.h.validator.internal.util.Version - HV000001: Hibernate Validator 8.0.0.Final
2024-10-04 13:43:50 INFO  [main] c.b.s.SpringBootSecurityJwtApplication - Starting SpringBootSecurityJwtApplication using Java 17.0.12 with PID 29471 (/Users/mac/Downloads/Java + angular project/spring-boot-spring-security-jwt-authentication-master/target/classes started by mac in /Users/mac/Downloads/Java + angular project/spring-boot-spring-security-jwt-authentication-master)
2024-10-04 13:43:50 INFO  [main] c.b.s.SpringBootSecurityJwtApplication - No active profile set, falling back to 1 default profile: "default"
2024-10-04 13:43:50 INFO  [main] o.s.d.r.c.RepositoryConfigurationDelegate - Bootstrapping Spring Data JPA repositories in DEFAULT mode.
2024-10-04 13:43:50 INFO  [main] o.s.d.r.c.RepositoryConfigurationDelegate - Finished Spring Data repository scanning in 26 ms. Found 2 JPA repository interfaces.
2024-10-04 13:43:51 INFO  [main] o.s.b.w.e.tomcat.TomcatWebServer - Tomcat initialized with port(s): 8080 (http)
2024-10-04 13:43:51 INFO  [main] o.a.coyote.http11.Http11NioProtocol - Initializing ProtocolHandler ["http-nio-8080"]
2024-10-04 13:43:51 INFO  [main] o.a.catalina.core.StandardService - Starting service [Tomcat]
2024-10-04 13:43:51 INFO  [main] o.a.catalina.core.StandardEngine - Starting Servlet engine: [Apache Tomcat/10.1.8]
2024-10-04 13:43:51 INFO  [main] o.a.c.c.C.[Tomcat].[localhost].[/] - Initializing Spring embedded WebApplicationContext
2024-10-04 13:43:51 INFO  [main] o.s.b.w.s.c.ServletWebServerApplicationContext - Root WebApplicationContext: initialization completed in 727 ms
2024-10-04 13:43:51 INFO  [main] o.h.jpa.internal.util.LogHelper - HHH000204: Processing PersistenceUnitInfo [name: default]
2024-10-04 13:43:51 INFO  [main] org.hibernate.Version - HHH000412: Hibernate ORM core version 6.2.2.Final
2024-10-04 13:43:51 INFO  [main] org.hibernate.cfg.Environment - HHH000406: Using bytecode reflection optimizer
2024-10-04 13:43:51 INFO  [main] o.h.b.i.BytecodeProviderInitiator - HHH000021: Bytecode provider name : bytebuddy
2024-10-04 13:43:51 INFO  [main] o.s.o.j.p.SpringPersistenceUnitInfo - No LoadTimeWeaver setup: ignoring JPA class transformer
2024-10-04 13:43:51 INFO  [main] com.zaxxer.hikari.HikariDataSource - HikariPool-1 - Starting...
2024-10-04 13:43:51 INFO  [main] com.zaxxer.hikari.pool.HikariPool - HikariPool-1 - Added connection com.mysql.cj.jdbc.ConnectionImpl@3c60c681
2024-10-04 13:43:51 INFO  [main] com.zaxxer.hikari.HikariDataSource - HikariPool-1 - Start completed.
2024-10-04 13:43:51 INFO  [main] org.hibernate.orm.dialect - HHH035001: Using dialect: org.hibernate.dialect.MySQLDialect, version: 8.4.2
2024-10-04 13:43:51 INFO  [main] o.h.b.i.BytecodeProviderInitiator - HHH000021: Bytecode provider name : bytebuddy
2024-10-04 13:43:51 INFO  [main] o.h.e.t.j.p.i.JtaPlatformInitiator - HHH000490: Using JtaPlatform implementation: [org.hibernate.engine.transaction.jta.platform.internal.NoJtaPlatform]
2024-10-04 13:43:52 INFO  [main] o.s.o.j.LocalContainerEntityManagerFactoryBean - Initialized JPA EntityManagerFactory for persistence unit 'default'
2024-10-04 13:43:52 WARN  [main] o.s.b.a.o.j.JpaBaseConfiguration$JpaWebConfiguration - spring.jpa.open-in-view is enabled by default. Therefore, database queries may be performed during view rendering. Explicitly configure spring.jpa.open-in-view to disable this warning
2024-10-04 13:43:52 INFO  [main] o.s.s.web.DefaultSecurityFilterChain - Will secure any request with [org.springframework.security.web.session.DisableEncodeUrlFilter@62977afb, org.springframework.security.web.context.request.async.WebAsyncManagerIntegrationFilter@13edc1bc, org.springframework.security.web.context.SecurityContextHolderFilter@4144d4a, org.springframework.security.web.header.HeaderWriterFilter@4b5ceb5d, org.springframework.security.web.authentication.logout.LogoutFilter@6a906078, com.bezkoder.springjwt.security.jwt.AuthTokenFilter@63d9e1a, org.springframework.security.web.savedrequest.RequestCacheAwareFilter@1dae9e61, org.springframework.security.web.servletapi.SecurityContextHolderAwareRequestFilter@37b44e8e, org.springframework.security.web.authentication.AnonymousAuthenticationFilter@77604a86, org.springframework.security.web.session.SessionManagementFilter@20608ef4, org.springframework.security.web.access.ExceptionTranslationFilter@6cd65042, org.springframework.security.web.access.intercept.AuthorizationFilter@222a7429]
2024-10-04 13:43:52 INFO  [main] o.a.coyote.http11.Http11NioProtocol - Starting ProtocolHandler ["http-nio-8080"]
2024-10-04 13:43:52 INFO  [main] o.s.b.w.e.tomcat.TomcatWebServer - Tomcat started on port(s): 8080 (http) with context path ''
2024-10-04 13:43:52 INFO  [main] c.b.s.SpringBootSecurityJwtApplication - Started SpringBootSecurityJwtApplication in 2.325 seconds (process running for 2.563)
2024-10-04 13:44:52 INFO  [SpringApplicationShutdownHook] o.s.o.j.LocalContainerEntityManagerFactoryBean - Closing JPA EntityManagerFactory for persistence unit 'default'
2024-10-04 13:44:52 INFO  [SpringApplicationShutdownHook] com.zaxxer.hikari.HikariDataSource - HikariPool-1 - Shutdown initiated...
2024-10-04 13:44:52 INFO  [SpringApplicationShutdownHook] com.zaxxer.hikari.HikariDataSource - HikariPool-1 - Shutdown completed.
